Drill report for stm32.kicad_pcb
Created on 2026-04-02T21:58:59+0300

Copper Layer Stackup:
    =============================================================
    L1 :  F.Cu                      front
    L2 :  In1.Cu                    in1
    L3 :  In2.Cu                    in2
    L4 :  B.Cu                      back


Drill file 'stm32-PTH.drl' contains
    plated through holes:
    =============================================================
    T1  0.250mm  0.0098"  (64 holes)
    T2  0.400mm  0.0157"  (58 holes)
    T3  0.400mm  0.0157"  (32 holes)
    T4  0.600mm  0.0236"  (4 holes)  (with 4 slots)
    T5  2.200mm  0.0866"  (4 holes)

    Total plated holes count 162


Drill file 'stm32-NPTH.drl' contains
    unplated through holes:
    =============================================================
    T1  0.650mm  0.0256"  (2 holes)
    T2  0.991mm  0.0390"  (3 holes)
    T3  2.375mm  0.0935"  (4 holes)

    Total unplated holes count 9
